<?xml version="1.0" encoding="UTF-8"?>
<testng-results skipped="0" failed="0" total="1" passed="1">
  <reporter-output>
  </reporter-output>
  <suite name="Default suite" duration-ms="96814" started-at="2019-05-25T17:06:23Z" finished-at="2019-05-25T17:08:00Z">
    <groups>
    </groups>
    <test name="Default test" duration-ms="96814" started-at="2019-05-25T17:06:23Z" finished-at="2019-05-25T17:08:00Z">
      <class name="flipkartAss.Flipkart">
        <test-method status="PASS" signature="login()[pri:0, instance:flipkartAss.Flipkart@573f2bb1]" name="login" duration-ms="96790" started-at="2019-05-25T22:36:23Z" finished-at="2019-05-25T22:38:00Z">
          <reporter-output>
          </reporter-output>
        </test-method> <!-- login -->
      </class> <!-- flipkartAss.Flipkart -->
    </test> <!-- Default test -->
  </suite> <!-- Default suite -->
</testng-results>
